# JRE version: OpenJDK Runtime Environment (8.0_151-b12) (build 1.8.0_151-8u151-b12-0ubuntu0.16.04.2-b12)
# Java VM: OpenJDK 64-Bit Server VM (25.151-b12 mixed mode linux-amd64 compressed oops)
Heap:
 PSYoungGen      total 423424K, used 61461K [0x00000000d7100000, 0x0000000100000000, 0x0000000100000000)
  eden space 224256K, 0% used [0x00000000d7100000,0x00000000d7100000,0x00000000e4c00000)
  from space 199168K, 30% used [0x00000000f3d80000,0x00000000f7985758,0x0000000100000000)
  to   space 223232K, 0% used [0x00000000e4c00000,0x00000000e4c00000,0x00000000f2600000)
 ParOldGen       total 806912K, used 806519K [0x0000000085200000, 0x00000000b6600000, 0x00000000d7100000)
  object space 806912K, 99% used [0x0000000085200000,0x00000000b659dcb8,0x00000000b6600000)
 Metaspace       used 18460K, capacity 18518K, committed 18816K, reserved 1067008K
  class space    used 1883K, capacity 1909K, committed 1920K, reserved 1048576K
GC Heap History (10 events):
Event: 5,526 GC heap after
Heap after GC invocations=11 (full 1):
 PSYoungGen      total 417280K, used 110592K [0x00000000d7100000, 0x00000000fde80000, 0x0000000100000000)
  eden space 306688K, 0% used [0x00000000d7100000,0x00000000d7100000,0x00000000e9c80000)
  from space 110592K, 100% used [0x00000000f4f80000,0x00000000fbb80000,0x00000000fbb80000)
  to   space 164864K, 0% used [0x00000000e9c80000,0x00000000e9c80000,0x00000000f3d80000)
 ParOldGen       total 348160K, used 307815K [0x0000000085200000, 0x000000009a600000, 0x00000000d7100000)
  object space 348160K, 88% used [0x0000000085200000,0x0000000097e99ea8,0x000000009a600000)
 Metaspace       used 18460K, capacity 18518K, committed 18816K, reserved 1067008K
  class space    used 1883K, capacity 1909K, committed 1920K, reserved 1048576K
}
Event: 5,526 GC heap before
{Heap before GC invocations=12 (full 2):
 PSYoungGen      total 417280K, used 110592K [0x00000000d7100000, 0x00000000fde80000, 0x0000000100000000)
  eden space 306688K, 0% used [0x00000000d7100000,0x00000000d7100000,0x00000000e9c80000)
  from space 110592K, 100% used [0x00000000f4f80000,0x00000000fbb80000,0x00000000fbb80000)
  to   space 164864K, 0% used [0x00000000e9c80000,0x00000000e9c80000,0x00000000f3d80000)
 ParOldGen       total 348160K, used 307815K [0x0000000085200000, 0x000000009a600000, 0x00000000d7100000)
  object space 348160K, 88% used [0x0000000085200000,0x0000000097e99ea8,0x000000009a600000)
 Metaspace       used 18460K, capacity 18518K, committed 18816K, reserved 1067008K
  class space    used 1883K, capacity 1909K, committed 1920K, reserved 1048576K
Event: 6,337 GC heap after
Heap after GC invocations=12 (full 2):
 PSYoungGen      total 417280K, used 65289K [0x00000000d7100000, 0x00000000fde80000, 0x0000000100000000)
  eden space 306688K, 0% used [0x00000000d7100000,0x00000000d7100000,0x00000000e9c80000)
  from space 110592K, 59% used [0x00000000f4f80000,0x00000000f8f425c8,0x00000000fbb80000)
  to   space 164864K, 0% used [0x00000000e9c80000,0x00000000e9c80000,0x00000000f3d80000)
 ParOldGen       total 540160K, used 348039K [0x0000000085200000, 0x00000000a6180000, 0x00000000d7100000)
  object space 540160K, 64% used [0x0000000085200000,0x000000009a5e1f10,0x00000000a6180000)
 Metaspace       used 18460K, capacity 18518K, committed 18816K, reserved 1067008K
  class space    used 1883K, capacity 1909K, committed 1920K, reserved 1048576K
}
Event: 6,800 GC heap before
{Heap before GC invocations=13 (full 2):
 PSYoungGen      total 417280K, used 371977K [0x00000000d7100000, 0x00000000fde80000, 0x0000000100000000)
  eden space 306688K, 100% used [0x00000000d7100000,0x00000000e9c80000,0x00000000e9c80000)
  from space 110592K, 59% used [0x00000000f4f80000,0x00000000f8f425c8,0x00000000fbb80000)
  to   space 164864K, 0% used [0x00000000e9c80000,0x00000000e9c80000,0x00000000f3d80000)
 ParOldGen       total 540160K, used 348039K [0x0000000085200000, 0x00000000a6180000, 0x00000000d7100000)
  object space 540160K, 64% used [0x0000000085200000,0x000000009a5e1f10,0x00000000a6180000)
 Metaspace       used 18460K, capacity 18518K, committed 18816K, reserved 1067008K
  class space    used 1883K, capacity 1909K, committed 1920K, reserved 1048576K
Event: 6,961 GC heap after
Heap after GC invocations=13 (full 2):
 PSYoungGen      total 471552K, used 164864K [0x00000000d7100000, 0x0000000100000000, 0x0000000100000000)
  eden space 306688K, 0% used [0x00000000d7100000,0x00000000d7100000,0x00000000e9c80000)
  from space 164864K, 100% used [0x00000000e9c80000,0x00000000f3d80000,0x00000000f3d80000)
  to   space 199168K, 0% used [0x00000000f3d80000,0x00000000f3d80000,0x0000000100000000)
 ParOldGen       total 540160K, used 480023K [0x0000000085200000, 0x00000000a6180000, 0x00000000d7100000)
  object space 540160K, 88% used [0x0000000085200000,0x00000000a26c5f10,0x00000000a6180000)
 Metaspace       used 18460K, capacity 18518K, committed 18816K, reserved 1067008K
  class space    used 1883K, capacity 1909K, committed 1920K, reserved 1048576K
}
Event: 6,961 GC heap before
{Heap before GC invocations=14 (full 3):
 PSYoungGen      total 471552K, used 164864K [0x00000000d7100000, 0x0000000100000000, 0x0000000100000000)
  eden space 306688K, 0% used [0x00000000d7100000,0x00000000d7100000,0x00000000e9c80000)
  from space 164864K, 100% used [0x00000000e9c80000,0x00000000f3d80000,0x00000000f3d80000)
  to   space 199168K, 0% used [0x00000000f3d80000,0x00000000f3d80000,0x0000000100000000)
 ParOldGen       total 540160K, used 480023K [0x0000000085200000, 0x00000000a6180000, 0x00000000d7100000)
  object space 540160K, 88% used [0x0000000085200000,0x00000000a26c5f10,0x00000000a6180000)
 Metaspace       used 18460K, capacity 18518K, committed 18816K, reserved 1067008K
  class space    used 1883K, capacity 1909K, committed 1920K, reserved 1048576K
Event: 8,044 GC heap after
Heap after GC invocations=14 (full 3):
 PSYoungGen      total 471552K, used 99110K [0x00000000d7100000, 0x0000000100000000, 0x0000000100000000)
  eden space 306688K, 0% used [0x00000000d7100000,0x00000000d7100000,0x00000000e9c80000)
  from space 164864K, 60% used [0x00000000e9c80000,0x00000000efd49bf0,0x00000000f3d80000)
  to   space 199168K, 0% used [0x00000000f3d80000,0x00000000f3d80000,0x0000000100000000)
 ParOldGen       total 806912K, used 539778K [0x0000000085200000, 0x00000000b6600000, 0x00000000d7100000)
  object space 806912K, 66% used [0x0000000085200000,0x00000000a6120b30,0x00000000b6600000)
 Metaspace       used 18460K, capacity 18518K, committed 18816K, reserved 1067008K
  class space    used 1883K, capacity 1909K, committed 1920K, reserved 1048576K
}
Event: 8,577 GC heap before
{Heap before GC invocations=15 (full 3):
 PSYoungGen      total 471552K, used 405798K [0x00000000d7100000, 0x0000000100000000, 0x0000000100000000)
  eden space 306688K, 100% used [0x00000000d7100000,0x00000000e9c80000,0x00000000e9c80000)
  from space 164864K, 60% used [0x00000000e9c80000,0x00000000efd49bf0,0x00000000f3d80000)
  to   space 199168K, 0% used [0x00000000f3d80000,0x00000000f3d80000,0x0000000100000000)
 ParOldGen       total 806912K, used 539778K [0x0000000085200000, 0x00000000b6600000, 0x00000000d7100000)
  object space 806912K, 66% used [0x0000000085200000,0x00000000a6120b30,0x00000000b6600000)
 Metaspace       used 18460K, capacity 18518K, committed 18816K, reserved 1067008K
  class space    used 1883K, capacity 1909K, committed 1920K, reserved 1048576K
Event: 8,898 GC heap after
Heap after GC invocations=15 (full 3):
 PSYoungGen      total 423424K, used 199168K [0x00000000d7100000, 0x0000000100000000, 0x0000000100000000)
  eden space 224256K, 0% used [0x00000000d7100000,0x00000000d7100000,0x00000000e4c00000)
  from space 199168K, 100% used [0x00000000f3d80000,0x0000000100000000,0x0000000100000000)
  to   space 223232K, 0% used [0x00000000e4c00000,0x00000000e4c00000,0x00000000f2600000)
 ParOldGen       total 806912K, used 674962K [0x0000000085200000, 0x00000000b6600000, 0x00000000d7100000)
  object space 806912K, 83% used [0x0000000085200000,0x00000000ae524b30,0x00000000b6600000)
 Metaspace       used 18460K, capacity 18518K, committed 18816K, reserved 1067008K
  class space    used 1883K, capacity 1909K, committed 1920K, reserved 1048576K
}
Event: 8,898 GC heap before
{Heap before GC invocations=16 (full 4):
 PSYoungGen      total 423424K, used 199168K [0x00000000d7100000, 0x0000000100000000, 0x0000000100000000)
  eden space 224256K, 0% used [0x00000000d7100000,0x00000000d7100000,0x00000000e4c00000)
  from space 199168K, 100% used [0x00000000f3d80000,0x0000000100000000,0x0000000100000000)
  to   space 223232K, 0% used [0x00000000e4c00000,0x00000000e4c00000,0x00000000f2600000)
 ParOldGen       total 806912K, used 674962K [0x0000000085200000, 0x00000000b6600000, 0x00000000d7100000)
  object space 806912K, 83% used [0x0000000085200000,0x00000000ae524b30,0x00000000b6600000)
 Metaspace       used 18460K, capacity 18518K, committed 18816K, reserved 1067008K
  class space    used 1883K, capacity 1909K, committed 1920K, reserved 1048576K

